<?xml version="1.0" encoding="UTF-8"?>
<!-- Generated by org.testng.reporters.JUnitReportReporter -->
<testsuite skipped="0" hostname="DESKTOP-UP50DNS" name="com.opr.pratice.basicRestAPI.RestApiPratice2" tests="1" failures="0" timestamp="2020-03-10T10:36:00 PDT" time="3.372" errors="0">
  <testcase name="testExtractDetailsUsingResponse" time="3.372" classname="com.opr.pratice.basicRestAPI.RestApiPratice2"/>
</testsuite> <!-- com.opr.pratice.basicRestAPI.RestApiPratice2 -->
